Jun-12 14:52:01.114 [main] DEBUG nextflow.cli.Launcher - $> nextflow main.nf --fastq /Users/Matt.Parker/wc/wf-tb-amr/test_data/fastq -c wf-template/nextflow.config
Jun-12 14:52:01.192 [main] INFO  nextflow.cli.CmdRun - N E X T F L O W  ~  version 22.09.2-edge
Jun-12 14:52:01.217 [main] DEBUG nextflow.plugin.PluginsFacade - Setting up plugin manager > mode=prod; embedded=false; plugins-dir=/Users/Matt.Parker/.nextflow/plugins; core-plugins: nf-amazon@1.10.2,nf-azure@0.14.0,nf-codecommit@0.1.2,nf-console@1.0.3,nf-ga4gh@1.0.3,nf-google@1.4.2,nf-tower@1.5.2,nf-wave@0.4.1
Jun-12 14:52:01.228 [main] INFO  org.pf4j.DefaultPluginStatusProvider - Enabled plugins: []
Jun-12 14:52:01.229 [main] INFO  org.pf4j.DefaultPluginStatusProvider - Disabled plugins: []
Jun-12 14:52:01.232 [main] INFO  org.pf4j.DefaultPluginManager - PF4J version 3.4.1 in 'deployment' mode
Jun-12 14:52:01.241 [main] INFO  org.pf4j.AbstractPluginManager - No plugins
Jun-12 14:52:01.262 [main] DEBUG nextflow.config.ConfigBuilder - User config file: /Users/Matt.Parker/wc/nested-nextflow/wf-template/nextflow.config
Jun-12 14:52:01.263 [main] DEBUG nextflow.config.ConfigBuilder - Parsing config file: /Users/Matt.Parker/wc/nested-nextflow/wf-template/nextflow.config
Jun-12 14:52:01.283 [main] DEBUG nextflow.config.ConfigBuilder - Applying config profile: `standard`
Jun-12 14:52:02.155 [main] DEBUG nextflow.cli.CmdRun - Applied DSL=2 from script declararion
Jun-12 14:52:02.182 [main] INFO  nextflow.cli.CmdRun - Launching `main.nf` [intergalactic_hawking] DSL2 - revision: 261514d193
Jun-12 14:52:02.183 [main] DEBUG nextflow.plugin.PluginsFacade - Plugins default=[]
Jun-12 14:52:02.183 [main] DEBUG nextflow.plugin.PluginsFacade - Plugins resolved requirement=[]
Jun-12 14:52:02.193 [main] DEBUG nextflow.secret.LocalSecretsProvider - Secrets store: /Users/Matt.Parker/.nextflow/secrets/store.json
Jun-12 14:52:02.197 [main] DEBUG nextflow.secret.SecretsLoader - Discovered secrets providers: [nextflow.secret.LocalSecretsProvider@65514add] - activable => nextflow.secret.LocalSecretsProvider@65514add
Jun-12 14:52:02.288 [main] DEBUG nextflow.Session - Session UUID: 554efd1e-38e9-4acd-8705-d8e81c38d821
Jun-12 14:52:02.288 [main] DEBUG nextflow.Session - Run name: intergalactic_hawking
Jun-12 14:52:02.288 [main] DEBUG nextflow.Session - Executor pool size: 12
Jun-12 14:52:02.901 [main] DEBUG nextflow.cli.CmdRun - 
  Version: 22.09.2-edge build 5765
  Created: 07-09-2022 19:45 UTC (20:45 BST)
  System: Mac OS X 11.5
  Runtime: Groovy 3.0.12 on OpenJDK 64-Bit Server VM 11.0.11+9
  Encoding: UTF-8 (UTF-8)
  Process: 33831@C02GM332MD6R [192.168.0.18]
  CPUs: 12 - Mem: 32 GB (169.2 MB) - Swap: 15 GB (1.5 GB)
Jun-12 14:52:02.913 [main] DEBUG nextflow.Session - Work-dir: /Users/Matt.Parker/wc/nested-nextflow/work [Mac OS X]
Jun-12 14:52:02.934 [main] DEBUG nextflow.executor.ExecutorFactory - Extension executors providers=[]
Jun-12 14:52:02.946 [main] DEBUG nextflow.Session - Observer factory: DefaultObserverFactory
Jun-12 14:52:02.983 [main] DEBUG nextflow.cache.CacheFactory - Using Nextflow cache factory: nextflow.cache.DefaultCacheFactory
Jun-12 14:52:02.998 [main] DEBUG nextflow.util.CustomThreadPool - Creating default thread pool > poolSize: 13; maxThreads: 1000
Jun-12 14:52:03.081 [main] DEBUG nextflow.Session - Session start
Jun-12 14:52:03.084 [main] DEBUG nextflow.trace.TraceFileObserver - Workflow started -- trace file: /Users/Matt.Parker/wc/nested-nextflow/output/execution/trace.txt
Jun-12 14:52:03.095 [main] DEBUG nextflow.Session - Using default localLib path: /Users/Matt.Parker/wc/nested-nextflow/lib
Jun-12 14:52:03.100 [main] DEBUG nextflow.Session - Adding to the classpath library: /Users/Matt.Parker/wc/nested-nextflow/lib
Jun-12 14:52:03.100 [main] DEBUG nextflow.Session - Adding to the classpath library: /Users/Matt.Parker/wc/nested-nextflow/lib/nfcore_external_java_deps.jar
Jun-12 14:52:04.281 [main] DEBUG nextflow.script.ScriptRunner - > Launching execution
Jun-12 14:52:05.262 [main] WARN  nextflow.Nextflow - Found unexpected parameters:
* --process_label: wftemplate
Jun-12 14:52:05.263 [main] INFO  nextflow.Nextflow - - [2mIgnore this warning: params.schema_ignore_params = "process_label" [0m
Jun-12 14:52:05.272 [main] INFO  nextflow.Nextflow - 
[0;92m||||||||||   [0m[2m_____ ____ ___ ____  __  __ _____      _       _
[0;92m||||||||||  [0m[2m| ____|  _ \_ _|___ \|  \/  | ____|    | | __ _| |__  ___
[0;33m|||||       [0m[2m|  _| | |_) | |  __) | |\/| |  _| _____| |/ _` | '_ \/ __|
[0;33m|||||       [0m[2m| |___|  __/| | / __/| |  | | |__|_____| | (_| | |_) \__ \
[0;94m||||||||||  [0m[2m|_____|_|  |___|_____|_|  |_|_____|    |_|\__,_|_.__/|___/
[0;94m||||||||||  [0m[1mwf-template v4.0.0[0m
[2m--------------------------------------------------------------------------------[0m
[1mCore Nextflow options[0m
  [0;34mrunName        : [0;32mintergalactic_hawking[0m
  [0;34mcontainerEngine: [0;32mdocker[0m
  [0;34mlaunchDir      : [0;32m/Users/Matt.Parker/wc/nested-nextflow[0m
  [0;34mworkDir        : [0;32m/Users/Matt.Parker/wc/nested-nextflow/work[0m
  [0;34mprojectDir     : [0;32m/Users/Matt.Parker/wc/nested-nextflow[0m
  [0;34muserName       : [0;32mMatt.Parker[0m
  [0;34mprofile        : [0;32mstandard[0m
  [0;34mconfigFiles    : [0;32m/Users/Matt.Parker/wc/nested-nextflow/wf-template/nextflow.config[0m

[1mInput Options[0m
  [0;34mfastq          : [0;32m/Users/Matt.Parker/wc/wf-tb-amr/test_data/fastq[0m

[1mOther parameters[0m
  [0;34mprocess_label  : [0;32mwftemplate[0m

!! Only displaying parameters that differ from the pipeline defaults !!
[2m--------------------------------------------------------------------------------[0m
If you use epi2me-labs/wf-template for your analysis please cite:

* The nf-core framework
  https://doi.org/10.1038/s41587-020-0439-x


[2m--------------------------------------------------------------------------------[0m
This is epi2me-labs/wf-template v4.0.0.
[2m--------------------------------------------------------------------------------[0m
Jun-12 14:52:05.286 [main] WARN  nextflow.Nextflow - Found unexpected parameters:
* --process_label: wftemplate
Jun-12 14:52:05.286 [main] INFO  nextflow.Nextflow - - [2mIgnore this warning: params.schema_ignore_params = "process_label" [0m
Jun-12 14:52:05.289 [main] INFO  nextflow.Nextflow - 
[0;92m||||||||||   [0m[2m_____ ____ ___ ____  __  __ _____      _       _
[0;92m||||||||||  [0m[2m| ____|  _ \_ _|___ \|  \/  | ____|    | | __ _| |__  ___
[0;33m|||||       [0m[2m|  _| | |_) | |  __) | |\/| |  _| _____| |/ _` | '_ \/ __|
[0;33m|||||       [0m[2m| |___|  __/| | / __/| |  | | |__|_____| | (_| | |_) \__ \
[0;94m||||||||||  [0m[2m|_____|_|  |___|_____|_|  |_|_____|    |_|\__,_|_.__/|___/
[0;94m||||||||||  [0m[1mwf-template v4.0.0[0m
[2m--------------------------------------------------------------------------------[0m
[1mCore Nextflow options[0m
  [0;34mrunName        : [0;32mintergalactic_hawking[0m
  [0;34mcontainerEngine: [0;32mdocker[0m
  [0;34mlaunchDir      : [0;32m/Users/Matt.Parker/wc/nested-nextflow[0m
  [0;34mworkDir        : [0;32m/Users/Matt.Parker/wc/nested-nextflow/work[0m
  [0;34mprojectDir     : [0;32m/Users/Matt.Parker/wc/nested-nextflow[0m
  [0;34muserName       : [0;32mMatt.Parker[0m
  [0;34mprofile        : [0;32mstandard[0m
  [0;34mconfigFiles    : [0;32m/Users/Matt.Parker/wc/nested-nextflow/wf-template/nextflow.config[0m

[1mInput Options[0m
  [0;34mfastq          : [0;32m/Users/Matt.Parker/wc/wf-tb-amr/test_data/fastq[0m

[1mOther parameters[0m
  [0;34mprocess_label  : [0;32mwftemplate[0m

!! Only displaying parameters that differ from the pipeline defaults !!
[2m--------------------------------------------------------------------------------[0m
If you use epi2me-labs/wf-template for your analysis please cite:

* The nf-core framework
  https://doi.org/10.1038/s41587-020-0439-x


[2m--------------------------------------------------------------------------------[0m
This is epi2me-labs/wf-template v4.0.0.
[2m--------------------------------------------------------------------------------[0m
Jun-12 14:52:05.709 [main] INFO  nextflow.Nextflow - Checking fastq input.
Jun-12 14:52:05.873 [main] WARN  nextflow.script.ScriptBinding - Access to undefined parameter `threads` -- Initialise it to a default value eg. `params.threads = some_value`
Jun-12 14:52:05.909 [main] DEBUG nextflow.script.ProcessConfig - Config settings `withLabel:wftemplate` matches labels `wftemplate` for process with name fastcat
Jun-12 14:52:05.914 [main] DEBUG nextflow.executor.ExecutorFactory - << taskConfig executor: null
Jun-12 14:52:05.914 [main] DEBUG nextflow.executor.ExecutorFactory - >> processorType: 'local'
Jun-12 14:52:05.921 [main] DEBUG nextflow.executor.Executor - [warm up] executor > local
Jun-12 14:52:05.928 [main] DEBUG n.processor.LocalPollingMonitor - Creating local task monitor for executor 'local' > cpus=4; memory=8 GB; capacity=12; pollInterval=100ms; dumpInterval=5m
Jun-12 14:52:06.023 [main] DEBUG nextflow.file.SortFileCollector - FileCollector temp dir not removed: null
Jun-12 14:52:06.029 [main] DEBUG nextflow.script.ProcessConfig - Config settings `withLabel:wftemplate` matches labels `wftemplate` for process with name pipeline:getVersions
Jun-12 14:52:06.029 [main] DEBUG nextflow.executor.ExecutorFactory - << taskConfig executor: null
Jun-12 14:52:06.029 [main] DEBUG nextflow.executor.ExecutorFactory - >> processorType: 'local'
Jun-12 14:52:06.031 [main] DEBUG nextflow.script.ProcessConfig - Config settings `withLabel:wftemplate` matches labels `wftemplate` for process with name pipeline:getParams
Jun-12 14:52:06.032 [main] DEBUG nextflow.executor.ExecutorFactory - << taskConfig executor: null
Jun-12 14:52:06.032 [main] DEBUG nextflow.executor.ExecutorFactory - >> processorType: 'local'
Jun-12 14:52:06.051 [main] DEBUG nextflow.script.ProcessConfig - Config settings `withLabel:wftemplate` matches labels `wftemplate` for process with name pipeline:makeReport
Jun-12 14:52:06.052 [main] DEBUG nextflow.executor.ExecutorFactory - << taskConfig executor: null
Jun-12 14:52:06.052 [main] DEBUG nextflow.executor.ExecutorFactory - >> processorType: 'local'
Jun-12 14:52:06.057 [main] DEBUG nextflow.script.ProcessConfig - Config settings `withLabel:wftemplate` matches labels `wftemplate` for process with name pipeline:collectFastqIngressResultsInDir
Jun-12 14:52:06.058 [main] DEBUG nextflow.executor.ExecutorFactory - << taskConfig executor: null
Jun-12 14:52:06.058 [main] DEBUG nextflow.executor.ExecutorFactory - >> processorType: 'local'
Jun-12 14:52:06.065 [main] DEBUG nextflow.script.ProcessConfig - Config settings `withLabel:wftemplate` matches labels `wftemplate` for process with name output
Jun-12 14:52:06.066 [main] DEBUG nextflow.executor.ExecutorFactory - << taskConfig executor: null
Jun-12 14:52:06.066 [main] DEBUG nextflow.executor.ExecutorFactory - >> processorType: 'local'
Jun-12 14:52:06.067 [main] DEBUG nextflow.Session - Workflow process names [dsl2]: output, pipeline:getParams, move_or_compress, pipeline:collectFastqIngressResultsInDir, validate_sample_sheet, collectFastqIngressResultsInDir, makeReport, fastcat, getVersions, pipeline:makeReport, pipeline:getVersions, getParams
Jun-12 14:52:06.068 [main] DEBUG nextflow.Session - Igniting dataflow network (7)
Jun-12 14:52:06.076 [main] DEBUG nextflow.processor.TaskProcessor - Starting process > fastcat
Jun-12 14:52:06.078 [main] DEBUG nextflow.processor.TaskProcessor - Starting process > pipeline:getVersions
Jun-12 14:52:06.078 [main] DEBUG nextflow.processor.TaskProcessor - Starting process > pipeline:getParams
Jun-12 14:52:06.079 [main] DEBUG nextflow.processor.TaskProcessor - Starting process > pipeline:makeReport
Jun-12 14:52:06.080 [main] DEBUG nextflow.processor.TaskProcessor - Starting process > pipeline:collectFastqIngressResultsInDir
Jun-12 14:52:06.080 [main] DEBUG nextflow.processor.TaskProcessor - Starting process > output
Jun-12 14:52:06.081 [main] DEBUG nextflow.script.ScriptRunner - > Awaiting termination 
Jun-12 14:52:06.081 [main] DEBUG nextflow.Session - Session await
Jun-12 14:52:06.240 [Task submitter] DEBUG n.executor.local.LocalTaskHandler - Launch cmd line: /bin/bash -ue .command.run
Jun-12 14:52:06.243 [Task submitter] INFO  nextflow.Session - [66/aa5fd2] Submitted process > fastcat (2)
Jun-12 14:52:06.259 [Task submitter] DEBUG n.executor.local.LocalTaskHandler - Launch cmd line: /bin/bash -ue .command.run
Jun-12 14:52:06.259 [Task submitter] INFO  nextflow.Session - [69/11732d] Submitted process > fastcat (5)
Jun-12 14:52:06.264 [Task submitter] DEBUG n.executor.local.LocalTaskHandler - Launch cmd line: /bin/bash -ue .command.run
Jun-12 14:52:06.264 [Task submitter] INFO  nextflow.Session - [a5/de4846] Submitted process > fastcat (12)
Jun-12 14:52:06.270 [Task submitter] DEBUG n.executor.local.LocalTaskHandler - Launch cmd line: /bin/bash -ue .command.run
Jun-12 14:52:06.270 [Task submitter] INFO  nextflow.Session - [1f/3165f3] Submitted process > fastcat (10)
Jun-12 14:52:08.154 [Task monitor] DEBUG n.processor.TaskPollingMonitor - Task completed > TaskHandler[id: 14; name: fastcat (12); status: COMPLETED; exit: 0; error: -; workDir: /Users/Matt.Parker/wc/nested-nextflow/work/a5/de4846e17ccefff592c808d771dd64]
Jun-12 14:52:08.158 [Task submitter] DEBUG n.executor.local.LocalTaskHandler - Launch cmd line: /bin/bash -ue .command.run
Jun-12 14:52:08.159 [Task submitter] INFO  nextflow.Session - [b8/ad1179] Submitted process > fastcat (9)
Jun-12 14:52:09.951 [Task monitor] DEBUG n.processor.TaskPollingMonitor - Task completed > TaskHandler[id: 12; name: fastcat (10); status: COMPLETED; exit: 0; error: -; workDir: /Users/Matt.Parker/wc/nested-nextflow/work/1f/3165f329546df7209f155cff344574]
Jun-12 14:52:09.960 [Task submitter] DEBUG n.executor.local.LocalTaskHandler - Launch cmd line: /bin/bash -ue .command.run
Jun-12 14:52:09.961 [Task submitter] INFO  nextflow.Session - [4d/325775] Submitted process > fastcat (4)
Jun-12 14:52:11.647 [Task monitor] DEBUG n.processor.TaskPollingMonitor - Task completed > TaskHandler[id: 11; name: fastcat (9); status: COMPLETED; exit: 0; error: -; workDir: /Users/Matt.Parker/wc/nested-nextflow/work/b8/ad1179e154d1b2ece8c5fa7339ae9d]
Jun-12 14:52:11.655 [Task submitter] DEBUG n.executor.local.LocalTaskHandler - Launch cmd line: /bin/bash -ue .command.run
Jun-12 14:52:11.656 [Task submitter] INFO  nextflow.Session - [16/9dcff1] Submitted process > fastcat (1)
Jun-12 14:52:12.283 [Task monitor] DEBUG n.processor.TaskPollingMonitor - Task completed > TaskHandler[id: 6; name: fastcat (4); status: COMPLETED; exit: 0; error: -; workDir: /Users/Matt.Parker/wc/nested-nextflow/work/4d/3257758168192325b9c926549fc2cf]
Jun-12 14:52:12.291 [Task submitter] DEBUG n.executor.local.LocalTaskHandler - Launch cmd line: /bin/bash -ue .command.run
Jun-12 14:52:12.291 [Task submitter] INFO  nextflow.Session - [f4/2ddf59] Submitted process > fastcat (11)
Jun-12 14:52:13.000 [Task monitor] DEBUG n.processor.TaskPollingMonitor - Task completed > TaskHandler[id: 4; name: fastcat (2); status: COMPLETED; exit: 0; error: -; workDir: /Users/Matt.Parker/wc/nested-nextflow/work/66/aa5fd2ce22927d6f6b329e953ba6d8]
Jun-12 14:52:13.007 [Task submitter] DEBUG n.executor.local.LocalTaskHandler - Launch cmd line: /bin/bash -ue .command.run
Jun-12 14:52:13.007 [Task submitter] INFO  nextflow.Session - [37/806189] Submitted process > fastcat (8)
Jun-12 14:52:15.096 [Task monitor] DEBUG n.processor.TaskPollingMonitor - Task completed > TaskHandler[id: 10; name: fastcat (8); status: COMPLETED; exit: 0; error: -; workDir: /Users/Matt.Parker/wc/nested-nextflow/work/37/806189a67d448ee3e381dbdbd21942]
Jun-12 14:52:15.103 [Task submitter] DEBUG n.executor.local.LocalTaskHandler - Launch cmd line: /bin/bash -ue .command.run
Jun-12 14:52:15.103 [Task submitter] INFO  nextflow.Session - [1c/8b202b] Submitted process > fastcat (6)
Jun-12 14:52:17.207 [Task monitor] DEBUG n.processor.TaskPollingMonitor - Task completed > TaskHandler[id: 8; name: fastcat (6); status: COMPLETED; exit: 0; error: -; workDir: /Users/Matt.Parker/wc/nested-nextflow/work/1c/8b202bc9ba1ff242924d35bbbb7d1f]
Jun-12 14:52:17.213 [Task submitter] DEBUG n.executor.local.LocalTaskHandler - Launch cmd line: /bin/bash -ue .command.run
Jun-12 14:52:17.215 [Task submitter] INFO  nextflow.Session - [e0/acf643] Submitted process > pipeline:getVersions
Jun-12 14:52:18.091 [Task monitor] DEBUG n.processor.TaskPollingMonitor - Task completed > TaskHandler[id: 7; name: fastcat (5); status: COMPLETED; exit: 0; error: -; workDir: /Users/Matt.Parker/wc/nested-nextflow/work/69/11732d875779827e9439cb86d63ff9]
Jun-12 14:52:18.097 [Task submitter] DEBUG n.executor.local.LocalTaskHandler - Launch cmd line: /bin/bash -ue .command.run
Jun-12 14:52:18.098 [Task submitter] INFO  nextflow.Session - [c5/1075e8] Submitted process > pipeline:getParams
Jun-12 14:52:20.103 [Task monitor] DEBUG n.processor.TaskPollingMonitor - Task completed > TaskHandler[id: 1; name: pipeline:getVersions; status: COMPLETED; exit: 0; error: -; workDir: /Users/Matt.Parker/wc/nested-nextflow/work/e0/acf643e30bdcdafb81e2b1fbbf5a57]
Jun-12 14:52:20.110 [Task submitter] DEBUG n.executor.local.LocalTaskHandler - Launch cmd line: /bin/bash -ue .command.run
Jun-12 14:52:20.110 [Task submitter] INFO  nextflow.Session - [1d/1eea1f] Submitted process > fastcat (7)
Jun-12 14:52:20.532 [Task monitor] DEBUG n.processor.TaskPollingMonitor - Task completed > TaskHandler[id: 2; name: pipeline:getParams; status: COMPLETED; exit: 0; error: -; workDir: /Users/Matt.Parker/wc/nested-nextflow/work/c5/1075e80e8ea61b51b604d23cebe4a1]
Jun-12 14:52:20.537 [Task submitter] DEBUG n.executor.local.LocalTaskHandler - Launch cmd line: /bin/bash -ue .command.run
Jun-12 14:52:20.537 [Task submitter] INFO  nextflow.Session - [4a/a04ab2] Submitted process > fastcat (3)
Jun-12 14:52:22.386 [Task monitor] DEBUG n.processor.TaskPollingMonitor - Task completed > TaskHandler[id: 9; name: fastcat (7); status: COMPLETED; exit: 0; error: -; workDir: /Users/Matt.Parker/wc/nested-nextflow/work/1d/1eea1f94e0b1db579450aa7b5f0d1d]
Jun-12 14:52:22.392 [Task submitter] DEBUG n.executor.local.LocalTaskHandler - Launch cmd line: /bin/bash -ue .command.run
Jun-12 14:52:22.392 [Task submitter] INFO  nextflow.Session - [0c/2044cd] Submitted process > fastcat (13)
Jun-12 14:52:23.288 [Task monitor] DEBUG n.processor.TaskPollingMonitor - Task completed > TaskHandler[id: 5; name: fastcat (3); status: COMPLETED; exit: 0; error: -; workDir: /Users/Matt.Parker/wc/nested-nextflow/work/4a/a04ab277baaf579a489f3037d8b7eb]
Jun-12 14:52:23.294 [Task submitter] DEBUG n.executor.local.LocalTaskHandler - Launch cmd line: /bin/bash -ue .command.run
Jun-12 14:52:23.295 [Task submitter] INFO  nextflow.Session - [27/33fe8d] Submitted process > pipeline:collectFastqIngressResultsInDir (1)
Jun-12 14:52:25.731 [Task monitor] DEBUG n.processor.TaskPollingMonitor - Task completed > TaskHandler[id: 16; name: pipeline:collectFastqIngressResultsInDir (1); status: COMPLETED; exit: 0; error: -; workDir: /Users/Matt.Parker/wc/nested-nextflow/work/27/33fe8d45c97cc5e3dbd043f293bb06]
Jun-12 14:52:25.736 [Task submitter] DEBUG n.executor.local.LocalTaskHandler - Launch cmd line: /bin/bash -ue .command.run
Jun-12 14:52:25.736 [Task submitter] INFO  nextflow.Session - [04/32ad26] Submitted process > pipeline:collectFastqIngressResultsInDir (2)
Jun-12 14:52:25.991 [Task monitor] DEBUG n.processor.TaskPollingMonitor - Task completed > TaskHandler[id: 3; name: fastcat (1); status: COMPLETED; exit: 0; error: -; workDir: /Users/Matt.Parker/wc/nested-nextflow/work/16/9dcff1ee15ebbd40739fca9dde4589]
Jun-12 14:52:25.997 [Task submitter] DEBUG n.executor.local.LocalTaskHandler - Launch cmd line: /bin/bash -ue .command.run
Jun-12 14:52:25.997 [Task submitter] INFO  nextflow.Session - [2f/8c82c7] Submitted process > pipeline:collectFastqIngressResultsInDir (3)
Jun-12 14:52:27.598 [Task monitor] DEBUG n.processor.TaskPollingMonitor - Task completed > TaskHandler[id: 13; name: fastcat (11); status: COMPLETED; exit: 0; error: -; workDir: /Users/Matt.Parker/wc/nested-nextflow/work/f4/2ddf59e737b00fe4588e0eccee8a18]
Jun-12 14:52:27.604 [Task submitter] DEBUG n.executor.local.LocalTaskHandler - Launch cmd line: /bin/bash -ue .command.run
Jun-12 14:52:27.604 [Task submitter] INFO  nextflow.Session - [ad/c069c1] Submitted process > pipeline:collectFastqIngressResultsInDir (4)
Jun-12 14:52:28.745 [Task monitor] DEBUG n.processor.TaskPollingMonitor - Task completed > TaskHandler[id: 17; name: pipeline:collectFastqIngressResultsInDir (2); status: COMPLETED; exit: 0; error: -; workDir: /Users/Matt.Parker/wc/nested-nextflow/work/04/32ad2680e4785804dc39211195a6f3]
Jun-12 14:52:28.750 [Task submitter] DEBUG n.executor.local.LocalTaskHandler - Launch cmd line: /bin/bash -ue .command.run
Jun-12 14:52:28.751 [Task submitter] INFO  nextflow.Session - [39/f8a50c] Submitted process > pipeline:collectFastqIngressResultsInDir (5)
Jun-12 14:52:29.087 [Task monitor] DEBUG n.processor.TaskPollingMonitor - Task completed > TaskHandler[id: 18; name: pipeline:collectFastqIngressResultsInDir (3); status: COMPLETED; exit: 0; error: -; workDir: /Users/Matt.Parker/wc/nested-nextflow/work/2f/8c82c77ff34f9c85acd9f0f32ce8f8]
Jun-12 14:52:29.093 [Task submitter] DEBUG n.executor.local.LocalTaskHandler - Launch cmd line: /bin/bash -ue .command.run
Jun-12 14:52:29.093 [Task submitter] INFO  nextflow.Session - [fa/89cd2a] Submitted process > pipeline:collectFastqIngressResultsInDir (6)
Jun-12 14:52:29.603 [Task monitor] DEBUG n.processor.TaskPollingMonitor - Task completed > TaskHandler[id: 15; name: fastcat (13); status: COMPLETED; exit: 0; error: -; workDir: /Users/Matt.Parker/wc/nested-nextflow/work/0c/2044cde6b427f39190b506aac7aa88]
Jun-12 14:52:29.608 [Task submitter] DEBUG n.executor.local.LocalTaskHandler - Launch cmd line: /bin/bash -ue .command.run
Jun-12 14:52:29.608 [Task submitter] INFO  nextflow.Session - [16/bb2698] Submitted process > pipeline:collectFastqIngressResultsInDir (7)
Jun-12 14:52:29.666 [Actor Thread 1] DEBUG nextflow.sort.BigSort - Sort completed -- entries: 13; slices: 1; internal sort time: 0.036 s; external sort time: 0.006 s; total time: 0.042 s
Jun-12 14:52:30.910 [Task monitor] DEBUG n.processor.TaskPollingMonitor - Task completed > TaskHandler[id: 19; name: pipeline:collectFastqIngressResultsInDir (4); status: COMPLETED; exit: 0; error: -; workDir: /Users/Matt.Parker/wc/nested-nextflow/work/ad/c069c1daa087ab34e71df4c8a211b8]
Jun-12 14:52:30.916 [Task submitter] DEBUG n.executor.local.LocalTaskHandler - Launch cmd line: /bin/bash -ue .command.run
Jun-12 14:52:30.916 [Task submitter] INFO  nextflow.Session - [8f/c712f2] Submitted process > pipeline:collectFastqIngressResultsInDir (8)
Jun-12 14:52:31.381 [Actor Thread 1] DEBUG nextflow.file.FileCollector - Saved collect-files list to: /var/folders/sh/5wy9w949733cp6dhbdx5bvbr0000gp/T/2b513db61176f432371974daef6cbffd.collect-file
Jun-12 14:52:32.393 [Task monitor] DEBUG n.processor.TaskPollingMonitor - Task completed > TaskHandler[id: 21; name: pipeline:collectFastqIngressResultsInDir (6); status: COMPLETED; exit: 0; error: -; workDir: /Users/Matt.Parker/wc/nested-nextflow/work/fa/89cd2ad8a52dc30adea14e1c00d132]
Jun-12 14:52:32.398 [Task submitter] DEBUG n.executor.local.LocalTaskHandler - Launch cmd line: /bin/bash -ue .command.run
Jun-12 14:52:32.399 [Task submitter] INFO  nextflow.Session - [35/bddea2] Submitted process > pipeline:collectFastqIngressResultsInDir (9)
Jun-12 14:52:32.657 [Task monitor] DEBUG n.processor.TaskPollingMonitor - Task completed > TaskHandler[id: 20; name: pipeline:collectFastqIngressResultsInDir (5); status: COMPLETED; exit: 0; error: -; workDir: /Users/Matt.Parker/wc/nested-nextflow/work/39/f8a50cc889274eda537dbaa7165729]
Jun-12 14:52:32.662 [Task submitter] DEBUG n.executor.local.LocalTaskHandler - Launch cmd line: /bin/bash -ue .command.run
Jun-12 14:52:32.662 [Task submitter] INFO  nextflow.Session - [85/e574b0] Submitted process > pipeline:collectFastqIngressResultsInDir (10)
Jun-12 14:52:32.710 [Task monitor] DEBUG n.processor.TaskPollingMonitor - Task completed > TaskHandler[id: 22; name: pipeline:collectFastqIngressResultsInDir (7); status: COMPLETED; exit: 0; error: -; workDir: /Users/Matt.Parker/wc/nested-nextflow/work/16/bb2698d7bb4020cc797f9fb90b78ba]
Jun-12 14:52:32.716 [Task submitter] DEBUG n.executor.local.LocalTaskHandler - Launch cmd line: /bin/bash -ue .command.run
Jun-12 14:52:32.717 [Task submitter] INFO  nextflow.Session - [ed/b3c498] Submitted process > output (1)
Jun-12 14:52:33.297 [Task monitor] DEBUG n.processor.TaskPollingMonitor - Task completed > TaskHandler[id: 23; name: pipeline:collectFastqIngressResultsInDir (8); status: COMPLETED; exit: 0; error: -; workDir: /Users/Matt.Parker/wc/nested-nextflow/work/8f/c712f21ff111e502338139c5b3c1a6]
Jun-12 14:52:33.302 [Task submitter] DEBUG n.executor.local.LocalTaskHandler - Launch cmd line: /bin/bash -ue .command.run
Jun-12 14:52:33.302 [Task submitter] INFO  nextflow.Session - [bf/ad2635] Submitted process > pipeline:collectFastqIngressResultsInDir (11)
Jun-12 14:52:35.309 [Task monitor] DEBUG n.processor.TaskPollingMonitor - Task completed > TaskHandler[id: 26; name: output (1); status: COMPLETED; exit: 0; error: -; workDir: /Users/Matt.Parker/wc/nested-nextflow/work/ed/b3c498c8940869fa66a678a61c61cf]
Jun-12 14:52:35.315 [Task submitter] DEBUG n.executor.local.LocalTaskHandler - Launch cmd line: /bin/bash -ue .command.run
Jun-12 14:52:35.315 [Task submitter] INFO  nextflow.Session - [5d/6d6234] Submitted process > pipeline:collectFastqIngressResultsInDir (12)
Jun-12 14:52:35.324 [Task monitor] DEBUG nextflow.util.ThreadPoolBuilder - Creating thread pool 'FileTransfer' minSize=10; maxSize=36; workQueue=LinkedBlockingQueue[10000]; allowCoreThreadTimeout=false
Jun-12 14:52:35.547 [Task monitor] DEBUG n.processor.TaskPollingMonitor - Task completed > TaskHandler[id: 24; name: pipeline:collectFastqIngressResultsInDir (9); status: COMPLETED; exit: 0; error: -; workDir: /Users/Matt.Parker/wc/nested-nextflow/work/35/bddea273d5d333ce2372e8ebfa4fe3]
Jun-12 14:52:35.552 [Task submitter] DEBUG n.executor.local.LocalTaskHandler - Launch cmd line: /bin/bash -ue .command.run
Jun-12 14:52:35.552 [Task submitter] INFO  nextflow.Session - [c0/28f333] Submitted process > output (2)
Jun-12 14:52:35.615 [Task monitor] DEBUG n.processor.TaskPollingMonitor - Task completed > TaskHandler[id: 25; name: pipeline:collectFastqIngressResultsInDir (10); status: COMPLETED; exit: 0; error: -; workDir: /Users/Matt.Parker/wc/nested-nextflow/work/85/e574b04d471c2107b36df21aa061d4]
Jun-12 14:52:35.621 [Task submitter] DEBUG n.executor.local.LocalTaskHandler - Launch cmd line: /bin/bash -ue .command.run
Jun-12 14:52:35.621 [Task submitter] INFO  nextflow.Session - [65/346b0f] Submitted process > output (3)
Jun-12 14:52:35.658 [Task monitor] DEBUG n.processor.TaskPollingMonitor - Task completed > TaskHandler[id: 27; name: pipeline:collectFastqIngressResultsInDir (11); status: COMPLETED; exit: 0; error: -; workDir: /Users/Matt.Parker/wc/nested-nextflow/work/bf/ad2635a2776d0e2fbcf6c3b953bf35]
Jun-12 14:52:35.663 [Task submitter] DEBUG n.executor.local.LocalTaskHandler - Launch cmd line: /bin/bash -ue .command.run
Jun-12 14:52:35.663 [Task submitter] INFO  nextflow.Session - [a4/559b62] Submitted process > pipeline:collectFastqIngressResultsInDir (13)
Jun-12 14:52:37.283 [Task monitor] DEBUG n.processor.TaskPollingMonitor - Task completed > TaskHandler[id: 29; name: output (2); status: COMPLETED; exit: 0; error: -; workDir: /Users/Matt.Parker/wc/nested-nextflow/work/c0/28f333445868a51fafcb3f3754fe76]
Jun-12 14:52:37.288 [Task submitter] DEBUG n.executor.local.LocalTaskHandler - Launch cmd line: /bin/bash -ue .command.run
Jun-12 14:52:37.288 [Task submitter] INFO  nextflow.Session - [78/6abcbb] Submitted process > output (4)
Jun-12 14:52:37.418 [Task monitor] DEBUG n.processor.TaskPollingMonitor - Task completed > TaskHandler[id: 28; name: pipeline:collectFastqIngressResultsInDir (12); status: COMPLETED; exit: 0; error: -; workDir: /Users/Matt.Parker/wc/nested-nextflow/work/5d/6d6234f6ab41bbbbbf1d7951ad3105]
Jun-12 14:52:37.425 [Task submitter] DEBUG n.executor.local.LocalTaskHandler - Launch cmd line: /bin/bash -ue .command.run
Jun-12 14:52:37.425 [Task submitter] INFO  nextflow.Session - [9a/cac66f] Submitted process > pipeline:makeReport (1)
Jun-12 14:52:37.509 [Task monitor] DEBUG n.processor.TaskPollingMonitor - Task completed > TaskHandler[id: 30; name: output (3); status: COMPLETED; exit: 0; error: -; workDir: /Users/Matt.Parker/wc/nested-nextflow/work/65/346b0f8165fb328220023c9d3e7636]
Jun-12 14:52:37.516 [Task submitter] DEBUG n.executor.local.LocalTaskHandler - Launch cmd line: /bin/bash -ue .command.run
Jun-12 14:52:37.517 [Task submitter] INFO  nextflow.Session - [ba/e2aa42] Submitted process > output (5)
Jun-12 14:52:37.709 [Task monitor] DEBUG n.processor.TaskPollingMonitor - Task completed > TaskHandler[id: 31; name: pipeline:collectFastqIngressResultsInDir (13); status: COMPLETED; exit: 0; error: -; workDir: /Users/Matt.Parker/wc/nested-nextflow/work/a4/559b62bd23feee47436a921e7cb5c7]
Jun-12 14:52:37.715 [Task submitter] DEBUG n.executor.local.LocalTaskHandler - Launch cmd line: /bin/bash -ue .command.run
Jun-12 14:52:37.716 [Task submitter] INFO  nextflow.Session - [f4/c8fca0] Submitted process > output (6)
Jun-12 14:52:40.020 [Task monitor] DEBUG n.processor.TaskPollingMonitor - Task completed > TaskHandler[id: 32; name: output (4); status: COMPLETED; exit: 0; error: -; workDir: /Users/Matt.Parker/wc/nested-nextflow/work/78/6abcbb68bb977e598cc0ce73b41c87]
Jun-12 14:52:40.027 [Task submitter] DEBUG n.executor.local.LocalTaskHandler - Launch cmd line: /bin/bash -ue .command.run
Jun-12 14:52:40.027 [Task submitter] INFO  nextflow.Session - [10/1c7a5d] Submitted process > output (7)
Jun-12 14:52:40.109 [Task monitor] DEBUG n.processor.TaskPollingMonitor - Task completed > TaskHandler[id: 34; name: output (5); status: COMPLETED; exit: 0; error: -; workDir: /Users/Matt.Parker/wc/nested-nextflow/work/ba/e2aa429793fd497e7eb4060a0df18d]
Jun-12 14:52:40.115 [Task submitter] DEBUG n.executor.local.LocalTaskHandler - Launch cmd line: /bin/bash -ue .command.run
Jun-12 14:52:40.116 [Task submitter] INFO  nextflow.Session - [4f/cd60ba] Submitted process > output (8)
Jun-12 14:52:40.529 [Task monitor] DEBUG n.processor.TaskPollingMonitor - Task completed > TaskHandler[id: 35; name: output (6); status: COMPLETED; exit: 0; error: -; workDir: /Users/Matt.Parker/wc/nested-nextflow/work/f4/c8fca0face229d8245c54fcc2660f1]
Jun-12 14:52:40.535 [Task submitter] DEBUG n.executor.local.LocalTaskHandler - Launch cmd line: /bin/bash -ue .command.run
Jun-12 14:52:40.536 [Task submitter] INFO  nextflow.Session - [78/f2870a] Submitted process > output (9)
Jun-12 14:52:42.411 [Task monitor] DEBUG n.processor.TaskPollingMonitor - Task completed > TaskHandler[id: 36; name: output (7); status: COMPLETED; exit: 0; error: -; workDir: /Users/Matt.Parker/wc/nested-nextflow/work/10/1c7a5def9a028f333ac546e63be583]
Jun-12 14:52:42.416 [Task submitter] DEBUG n.executor.local.LocalTaskHandler - Launch cmd line: /bin/bash -ue .command.run
Jun-12 14:52:42.416 [Task submitter] INFO  nextflow.Session - [e7/20d6a5] Submitted process > output (10)
Jun-12 14:52:42.456 [Task monitor] DEBUG n.processor.TaskPollingMonitor - Task completed > TaskHandler[id: 37; name: output (8); status: COMPLETED; exit: 0; error: -; workDir: /Users/Matt.Parker/wc/nested-nextflow/work/4f/cd60badd6c1fe7e2d2ecd1cc2d3622]
Jun-12 14:52:42.464 [Task submitter] DEBUG n.executor.local.LocalTaskHandler - Launch cmd line: /bin/bash -ue .command.run
Jun-12 14:52:42.464 [Task submitter] INFO  nextflow.Session - [04/71881d] Submitted process > output (11)
Jun-12 14:52:42.666 [Task monitor] DEBUG n.processor.TaskPollingMonitor - Task completed > TaskHandler[id: 38; name: output (9); status: COMPLETED; exit: 0; error: -; workDir: /Users/Matt.Parker/wc/nested-nextflow/work/78/f2870ae6b8e9ca066d64fd516611a9]
Jun-12 14:52:42.671 [Task submitter] DEBUG n.executor.local.LocalTaskHandler - Launch cmd line: /bin/bash -ue .command.run
Jun-12 14:52:42.671 [Task submitter] INFO  nextflow.Session - [cf/68b9ac] Submitted process > output (12)
Jun-12 14:52:44.895 [Task monitor] DEBUG n.processor.TaskPollingMonitor - Task completed > TaskHandler[id: 39; name: output (10); status: COMPLETED; exit: 0; error: -; workDir: /Users/Matt.Parker/wc/nested-nextflow/work/e7/20d6a5cfc11188dfe302ab6e44c65b]
Jun-12 14:52:44.898 [Task monitor] DEBUG n.processor.TaskPollingMonitor - Task completed > TaskHandler[id: 40; name: output (11); status: COMPLETED; exit: 0; error: -; workDir: /Users/Matt.Parker/wc/nested-nextflow/work/04/71881d5966b7978868c921c735c650]
Jun-12 14:52:44.899 [Task submitter] DEBUG n.executor.local.LocalTaskHandler - Launch cmd line: /bin/bash -ue .command.run
Jun-12 14:52:44.900 [Task submitter] INFO  nextflow.Session - [1b/4fa1ce] Submitted process > output (13)
Jun-12 14:52:44.966 [Task monitor] DEBUG n.processor.TaskPollingMonitor - Task completed > TaskHandler[id: 41; name: output (12); status: COMPLETED; exit: 0; error: -; workDir: /Users/Matt.Parker/wc/nested-nextflow/work/cf/68b9ac43a72ccc45acdfe76b78b4f3]
Jun-12 14:52:46.255 [Task monitor] DEBUG n.processor.TaskPollingMonitor - Task completed > TaskHandler[id: 42; name: output (13); status: COMPLETED; exit: 0; error: -; workDir: /Users/Matt.Parker/wc/nested-nextflow/work/1b/4fa1ce74640ebb1e3cd74893459c4b]
Jun-12 14:53:05.991 [Task monitor] DEBUG n.processor.TaskPollingMonitor - Task completed > TaskHandler[id: 33; name: pipeline:makeReport (1); status: COMPLETED; exit: 0; error: -; workDir: /Users/Matt.Parker/wc/nested-nextflow/work/9a/cac66f187ae0e634a8089c3dd6df45]
Jun-12 14:53:05.997 [Task submitter] DEBUG n.executor.local.LocalTaskHandler - Launch cmd line: /bin/bash -ue .command.run
Jun-12 14:53:05.997 [Task submitter] INFO  nextflow.Session - [01/63872b] Submitted process > output (14)
Jun-12 14:53:06.000 [Task submitter] DEBUG n.executor.local.LocalTaskHandler - Launch cmd line: /bin/bash -ue .command.run
Jun-12 14:53:06.000 [Task submitter] INFO  nextflow.Session - [86/36ad5f] Submitted process > output (15)
Jun-12 14:53:07.772 [Task monitor] DEBUG n.processor.TaskPollingMonitor - Task completed > TaskHandler[id: 44; name: output (15); status: COMPLETED; exit: 0; error: -; workDir: /Users/Matt.Parker/wc/nested-nextflow/work/86/36ad5ff6b0d5e24e663ed5f15abe66]
Jun-12 14:53:07.826 [Task monitor] DEBUG n.processor.TaskPollingMonitor - Task completed > TaskHandler[id: 43; name: output (14); status: COMPLETED; exit: 0; error: -; workDir: /Users/Matt.Parker/wc/nested-nextflow/work/01/63872b6aeb1709cc83c16bd05e6a31]
Jun-12 14:53:07.827 [main] DEBUG nextflow.Session - Session await > all processes finished
Jun-12 14:53:07.828 [main] DEBUG nextflow.Session - Session await > all barriers passed
Jun-12 14:53:08.204 [main] DEBUG nextflow.trace.WorkflowStatsObserver - Workflow completed > WorkflowStats[succeededCount=44; failedCount=0; ignoredCount=0; cachedCount=0; pendingCount=0; submittedCount=0; runningCount=0; retriesCount=0; abortedCount=0; succeedDuration=1m 19s; failedDuration=0ms; cachedDuration=0ms;loadCpus=0; loadMemory=0; peakRunning=4; peakCpus=4; peakMemory=0; ]
Jun-12 14:53:08.204 [main] DEBUG nextflow.trace.TraceFileObserver - Workflow completed -- saving trace file
Jun-12 14:53:08.205 [main] DEBUG nextflow.trace.ReportObserver - Workflow completed -- rendering execution report
Jun-12 14:53:08.276 [main] DEBUG nextflow.trace.ReportObserver - Execution report summary data:
  [{"cpuUsage":{"mean":51.32,"min":23.8,"q1":38.5,"q2":58,"q3":61.5,"max":66.5,"minLabel":"fastcat (6)","maxLabel":"fastcat (5)","q1Label":"fastcat (8)","q2Label":"fastcat (3)","q3Label":"fastcat (10)"},"process":"fastcat","mem":{"mean":5716125.54,"min":2756608,"q1":2981888,"q2":7073792,"q3":8687616,"max":9076736,"minLabel":"fastcat (12)","maxLabel":"fastcat (13)","q1Label":"fastcat (7)","q2Label":"fastcat (9)","q3Label":"fastcat (5)"},"memUsage":null,"timeUsage":null,"vmem":{"mean":10466540.31,"min":3997696,"q1":3997696,"q2":15892480,"q3":16031744,"max":16031744,"minLabel":"fastcat (12)","maxLabel":"fastcat (11)","q1Label":"fastcat (6)","q2Label":"fastcat (1)","q3Label":"fastcat (9)"},"reads":{"mean":43942205.31,"min":177575,"q1":751620,"q2":17930393,"q3":60000962,"max":164416455,"minLabel":"fastcat (12)","maxLabel":"fastcat (1)","q1Label":"fastcat (7)","q2Label":"fastcat (9)","q3Label":"fastcat (2)"},"cpu":{"mean":51.32,"min":23.8,"q1":38.5,"q2":58,"q3":61.5,"max":66.5,"minLabel":"fastcat (6)","maxLabel":"fastcat (5)","q1Label":"fastcat (8)","q2Label":"fastcat (3)","q3Label":"fastcat (10)"},"time":{"mean":3801,"min":82,"q1":242,"q2":1614,"q3":5040,"max":12882,"minLabel":"fastcat (12)","maxLabel":"fastcat (11)","q1Label":"fastcat (7)","q2Label":"fastcat (10)","q3Label":"fastcat (13)"},"writes":{"mean":37692642.92,"min":81609,"q1":598973,"q2":16688545,"q3":53217244,"max":124820351,"minLabel":"fastcat (12)","maxLabel":"fastcat (1)","q1Label":"fastcat (7)","q2Label":"fastcat (9)","q3Label":"fastcat (2)"}},{"cpuUsage":{"mean":67,"min":67,"q1":67,"q2":67,"q3":67,"max":67,"minLabel":"pipeline:getVersions","maxLabel":"pipeline:getVersions","q1Label":"pipeline:getVersions","q2Label":"pipeline:getVersions","q3Label":"pipeline:getVersions"},"process":"getVersions","mem":{"mean":11845632,"min":11845632,"q1":11845632,"q2":11845632,"q3":11845632,"max":11845632,"minLabel":"pipeline:getVersions","maxLabel":"pipeline:getVersions","q1Label":"pipeline:getVersions","q2Label":"pipeline:getVersions","q3Label":"pipeline:getVersions"},"memUsage":null,"timeUsage":null,"vmem":{"mean":16035840,"min":16035840,"q1":16035840,"q2":16035840,"q3":16035840,"max":16035840,"minLabel":"pipeline:getVersions","maxLabel":"pipeline:getVersions","q1Label":"pipeline:getVersions","q2Label":"pipeline:getVersions","q3Label":"pipeline:getVersions"},"reads":{"mean":1056807,"min":1056807,"q1":1056807,"q2":1056807,"q3":1056807,"max":1056807,"minLabel":"pipeline:getVersions","maxLabel":"pipeline:getVersions","q1Label":"pipeline:getVersions","q2Label":"pipeline:getVersions","q3Label":"pipeline:getVersions"},"cpu":{"mean":67,"min":67,"q1":67,"q2":67,"q3":67,"max":67,"minLabel":"pipeline:getVersions","maxLabel":"pipeline:getVersions","q1Label":"pipeline:getVersions","q2Label":"pipeline:getVersions","q3Label":"pipeline:getVersions"},"time":{"mean":543,"min":543,"q1":543,"q2":543,"q3":543,"max":543,"minLabel":"pipeline:getVersions","maxLabel":"pipeline:getVersions","q1Label":"pipeline:getVersions","q2Label":"pipeline:getVersions","q3Label":"pipeline:getVersions"},"writes":{"mean":737121,"min":737121,"q1":737121,"q2":737121,"q3":737121,"max":737121,"minLabel":"pipeline:getVersions","maxLabel":"pipeline:getVersions","q1Label":"pipeline:getVersions","q2Label":"pipeline:getVersions","q3Label":"pipeline:getVersions"}},{"cpuUsage":{"mean":42.3,"min":42.3,"q1":42.3,"q2":42.3,"q3":42.3,"max":42.3,"minLabel":"pipeline:getParams","maxLabel":"pipeline:getParams","q1Label":"pipeline:getParams","q2Label":"pipeline:getParams","q3Label":"pipeline:getParams"},"process":"getParams","mem":{"mean":1093632,"min":1093632,"q1":1093632,"q2":1093632,"q3":1093632,"max":1093632,"minLabel":"pipeline:getParams","maxLabel":"pipeline:getParams","q1Label":"pipeline:getParams","q2Label":"pipeline:getParams","q3Label":"pipeline:getParams"},"memUsage":null,"timeUsage":null,"vmem":{"mean":3997696,"min":3997696,"q1":3997696,"q2":3997696,"q3":3997696,"max":3997696,"minLabel":"pipeline:getParams","maxLabel":"pipeline:getParams","q1Label":"pipeline:getParams","q2Label":"pipeline:getParams","q3Label":"pipeline:getParams"},"reads":{"mean":57691,"min":57691,"q1":57691,"q2":57691,"q3":57691,"max":57691,"minLabel":"pipeline:getParams","maxLabel":"pipeline:getParams","q1Label":"pipeline:getParams","q2Label":"pipeline:getParams","q3Label":"pipeline:getParams"},"cpu":{"mean":42.3,"min":42.3,"q1":42.3,"q2":42.3,"q3":42.3,"max":42.3,"minLabel":"pipeline:getParams","maxLabel":"pipeline:getParams","q1Label":"pipeline:getParams","q2Label":"pipeline:getParams","q3Label":"pipeline:getParams"},"time":{"mean":87,"min":87,"q1":87,"q2":87,"q3":87,"max":87,"minLabel":"pipeline:getParams","maxLabel":"pipeline:getParams","q1Label":"pipeline:getParams","q2Label":"pipeline:getParams","q3Label":"pipeline:getParams"},"writes":{"mean":943,"min":943,"q1":943,"q2":943,"q3":943,"max":943,"minLabel":"pipeline:getParams","maxLabel":"pipeline:getParams","q1Label":"pipeline:getParams","q2Label":"pipeline:getParams","q3Label":"pipeline:getParams"}},{"cpuUsage":{"mean":31.12,"min":19.8,"q1":27.9,"q2":31.9,"q3":33.5,"max":48,"minLabel":"pipeline:collectFastqIngressResultsInDir (3)","maxLabel":"pipeline:collectFastqIngressResultsInDir (4)","q1Label":"pipeline:collectFastqIngressResultsInDir (2)","q2Label":"pipeline:collectFastqIngressResultsInDir (6)","q3Label":"pipeline:collectFastqIngressResultsInDir (7)"},"process":"collectFastqIngressResultsInDir","mem":{"mean":2726675.69,"min":1097728,"q1":2777088,"q2":2846720,"q3":2912256,"max":2973696,"minLabel":"pipeline:collectFastqIngressResultsInDir (11)","maxLabel":"pipeline:collectFastqIngressResultsInDir (9)","q1Label":"pipeline:collectFastqIngressResultsInDir (8)","q2Label":"pipeline:collectFastqIngressResultsInDir (13)","q3Label":"pipeline:collectFastqIngressResultsInDir (6)"},"memUsage":null,"timeUsage":null,"vmem":{"mean":3997696,"min":3997696,"q1":3997696,"q2":3997696,"q3":3997696,"max":3997696,"minLabel":"pipeline:collectFastqIngressResultsInDir (1)","maxLabel":"pipeline:collectFastqIngressResultsInDir (13)","q1Label":"pipeline:collectFastqIngressResultsInDir (4)","q2Label":"pipeline:collectFastqIngressResultsInDir (7)","q3Label":"pipeline:collectFastqIngressResultsInDir (10)"},"reads":{"mean":75305.85,"min":75305,"q1":75306,"q2":75306,"q3":75306,"max":75307,"minLabel":"pipeline:collectFastqIngressResultsInDir (3)","maxLabel":"pipeline:collectFastqIngressResultsInDir (4)","q1Label":"pipeline:collectFastqIngressResultsInDir (1)","q2Label":"pipeline:collectFastqIngressResultsInDir (5)","q3Label":"pipeline:collectFastqIngressResultsInDir (11)"},"cpu":{"mean":31.12,"min":19.8,"q1":27.9,"q2":31.9,"q3":33.5,"max":48,"minLabel":"pipeline:collectFastqIngressResultsInDir (3)","maxLabel":"pipeline:collectFastqIngressResultsInDir (4)","q1Label":"pipeline:collectFastqIngressResultsInDir (2)","q2Label":"pipeline:collectFastqIngressResultsInDir (6)","q3Label":"pipeline:collectFastqIngressResultsInDir (7)"},"time":{"mean":140.69,"min":78,"q1":102,"q2":140,"q3":165,"max":214,"minLabel":"pipeline:collectFastqIngressResultsInDir (12)","maxLabel":"pipeline:collectFastqIngressResultsInDir (3)","q1Label":"pipeline:collectFastqIngressResultsInDir (13)","q2Label":"pipeline:collectFastqIngressResultsInDir (5)","q3Label":"pipeline:collectFastqIngressResultsInDir (11)"},"writes":{"mean":267.08,"min":267,"q1":267,"q2":267,"q3":267,"max":268,"minLabel":"pipeline:collectFastqIngressResultsInDir (1)","maxLabel":"pipeline:collectFastqIngressResultsInDir (4)","q1Label":"pipeline:collectFastqIngressResultsInDir (6)","q2Label":"pipeline:collectFastqIngressResultsInDir (8)","q3Label":"pipeline:collectFastqIngressResultsInDir (11)"}},{"cpuUsage":{"mean":65.77,"min":30.8,"q1":47.55,"q2":67.6,"q3":77.05,"max":100,"minLabel":"output (6)","maxLabel":"output (15)","q1Label":"output (3)","q2Label":"output (11)","q3Label":"output (7)"},"process":"output","mem":null,"memUsage":null,"timeUsage":null,"vmem":null,"reads":{"mean":56812.6,"min":56812,"q1":56812,"q2":56812,"q3":56813,"max":56814,"minLabel":"output (2)","maxLabel":"output (12)","q1Label":"output (7)","q2Label":"output (14)","q3Label":"output (8)"},"cpu":{"mean":65.77,"min":30.8,"q1":47.55,"q2":67.6,"q3":77.05,"max":100,"minLabel":"output (6)","maxLabel":"output (15)","q1Label":"output (3)","q2Label":"output (11)","q3Label":"output (7)"},"time":{"mean":29.2,"min":9,"q1":14.5,"q2":18,"q3":29,"max":101,"minLabel":"output (13)","maxLabel":"output (8)","q1Label":"output (14)","q2Label":"output (6)","q3Label":"output (2)"},"writes":{"mean":183.13,"min":183,"q1":183,"q2":183,"q3":183,"max":184,"minLabel":"output (1)","maxLabel":"output (15)","q1Label":"output (4)","q2Label":"output (8)","q3Label":"output (12)"}},{"cpuUsage":{"mean":91,"min":91,"q1":91,"q2":91,"q3":91,"max":91,"minLabel":"pipeline:makeReport (1)","maxLabel":"pipeline:makeReport (1)","q1Label":"pipeline:makeReport (1)","q2Label":"pipeline:makeReport (1)","q3Label":"pipeline:makeReport (1)"},"process":"makeReport","mem":{"mean":416718848,"min":416718848,"q1":416718848,"q2":416718848,"q3":416718848,"max":416718848,"minLabel":"pipeline:makeReport (1)","maxLabel":"pipeline:makeReport (1)","q1Label":"pipeline:makeReport (1)","q2Label":"pipeline:makeReport (1)","q3Label":"pipeline:makeReport (1)"},"memUsage":null,"timeUsage":null,"vmem":{"mean":2088284160,"min":2088284160,"q1":2088284160,"q2":2088284160,"q3":2088284160,"max":2088284160,"minLabel":"pipeline:makeReport (1)","maxLabel":"pipeline:makeReport (1)","q1Label":"pipeline:makeReport (1)","q2Label":"pipeline:makeReport (1)","q3Label":"pipeline:makeReport (1)"},"reads":{"mean":81621098,"min":81621098,"q1":81621098,"q2":81621098,"q3":81621098,"max":81621098,"minLabel":"pipeline:makeReport (1)","maxLabel":"pipeline:makeReport (1)","q1Label":"pipeline:makeReport (1)","q2Label":"pipeline:makeReport (1)","q3Label":"pipeline:makeReport (1)"},"cpu":{"mean":91,"min":91,"q1":91,"q2":91,"q3":91,"max":91,"minLabel":"pipeline:makeReport (1)","maxLabel":"pipeline:makeReport (1)","q1Label":"pipeline:makeReport (1)","q2Label":"pipeline:makeReport (1)","q3Label":"pipeline:makeReport (1)"},"time":{"mean":26619,"min":26619,"q1":26619,"q2":26619,"q3":26619,"max":26619,"minLabel":"pipeline:makeReport (1)","maxLabel":"pipeline:makeReport (1)","q1Label":"pipeline:makeReport (1)","q2Label":"pipeline:makeReport (1)","q3Label":"pipeline:makeReport (1)"},"writes":{"mean":29676641,"min":29676641,"q1":29676641,"q2":29676641,"q3":29676641,"max":29676641,"minLabel":"pipeline:makeReport (1)","maxLabel":"pipeline:makeReport (1)","q1Label":"pipeline:makeReport (1)","q2Label":"pipeline:makeReport (1)","q3Label":"pipeline:makeReport (1)"}}]
Jun-12 14:53:08.979 [main] DEBUG nextflow.trace.TimelineObserver - Workflow completed -- rendering execution timeline
Jun-12 14:53:09.195 [main] DEBUG nextflow.cache.CacheDB - Closing CacheDB done
Jun-12 14:53:09.219 [main] DEBUG nextflow.Global - Error during on cleanup
java.lang.NullPointerException: Cannot invoke method accept() on null object
	at org.codehaus.groovy.runtime.NullObject.invokeMethod(NullObject.java:91)
	at org.codehaus.groovy.runtime.callsite.PogoMetaClassSite.call(PogoMetaClassSite.java:44)
	at org.codehaus.groovy.runtime.callsite.CallSiteArray.defaultCall(CallSiteArray.java:47)
	at org.codehaus.groovy.runtime.callsite.NullCallSite.call(NullCallSite.java:34)
	at org.codehaus.groovy.runtime.callsite.CallSiteArray.defaultCall(CallSiteArray.java:47)
	at org.codehaus.groovy.runtime.callsite.AbstractCallSite.call(AbstractCallSite.java:125)
	at org.codehaus.groovy.runtime.callsite.AbstractCallSite.call(AbstractCallSite.java:139)
	at nextflow.Global.cleanUp(Global.groovy:255)
	at nextflow.script.ScriptRunner.shutdown(ScriptRunner.groovy:248)
	at nextflow.script.ScriptRunner.execute(ScriptRunner.groovy:136)
	at nextflow.cli.CmdRun.run(CmdRun.groovy:354)
	at nextflow.cli.Launcher.run(Launcher.groovy:487)
	at nextflow.cli.Launcher.main(Launcher.groovy:646)
Jun-12 14:53:09.220 [main] DEBUG nextflow.script.ScriptRunner - > Execution complete -- Goodbye
